17:51:12.158	SERVER	admin	OK	Server was started (port: 1984).
17:51:12.211	SERVER	admin	OK	HTTP Server was started (port: 8984).
17:51:46.982	0:0:0:0:0:0:0:1:50161	admin	REQUEST	[GET] /allgames
17:51:49.196	0:0:0:0:0:0:0:1:50161	admin	200		2220.17 ms
17:51:49.469	0:0:0:0:0:0:0:1:50161	admin	REQUEST	[GET] /favicon.ico
17:51:49.471	0:0:0:0:0:0:0:1:50161	admin	404	No function found that matches the request.	3.24 ms
17:51:52.358	0:0:0:0:0:0:0:1:50161	admin	REQUEST	[GET] /deletegame
17:51:52.369	0:0:0:0:0:0:0:1:50161	admin	200		11.68 ms
17:51:53.951	0:0:0:0:0:0:0:1:50161	admin	REQUEST	[POST] /game/delete
17:51:54.119	0:0:0:0:0:0:0:1:50161	admin	302	Location: /allgames	168.24 ms
17:51:54.124	0:0:0:0:0:0:0:1:50161	admin	REQUEST	[GET] /allgames
17:51:54.167	0:0:0:0:0:0:0:1:50161	admin	200		43.38 ms
18:13:05.949	0:0:0:0:0:0:0:1:50254	admin	REQUEST	[GET] /allgames
18:13:06.117	0:0:0:0:0:0:0:1:50254	admin	200		168.81 ms
18:13:07.151	0:0:0:0:0:0:0:1:50254	admin	REQUEST	[GET] /allgames
18:13:07.165	0:0:0:0:0:0:0:1:50254	admin	200		14.96 ms
18:15:18.127	0:0:0:0:0:0:0:1:50278	admin	REQUEST	[GET] /allgames
18:15:18.276	0:0:0:0:0:0:0:1:50278	admin	400	Stopped at C:/Program Files (x86)/BaseX/webapp/game.xqm, 79/284: [XQST0040] Duplicate attribute 'style'.	149.4 ms
18:15:57.513	0:0:0:0:0:0:0:1:50278	admin	REQUEST	[GET] /allgames
18:15:57.610	0:0:0:0:0:0:0:1:50278	admin	200		95.93 ms
18:16:50.801	0:0:0:0:0:0:0:1:50278	admin	REQUEST	[GET] /allgames
18:16:50.952	0:0:0:0:0:0:0:1:50278	admin	200		151.58 ms
18:21:36.740	0:0:0:0:0:0:0:1:50308	admin	REQUEST	[GET] /updategame
18:21:36.828	0:0:0:0:0:0:0:1:50308	admin	200		89.18 ms
18:22:08.103	0:0:0:0:0:0:0:1:50308	admin	REQUEST	[POST] /game/update
18:22:08.149	0:0:0:0:0:0:0:1:50308	admin	302	Location: /allgames	47.74 ms
18:22:08.154	0:0:0:0:0:0:0:1:50308	admin	REQUEST	[GET] /allgames
18:22:08.163	0:0:0:0:0:0:0:1:50308	admin	200		9.77 ms
18:22:09.944	0:0:0:0:0:0:0:1:50308	admin	REQUEST	[GET] /choosegame
18:22:09.949	0:0:0:0:0:0:0:1:50308	admin	200		5.14 ms
18:22:51.877	0:0:0:0:0:0:0:1:50308	admin	REQUEST	[GET] /choosegame
18:22:51.991	0:0:0:0:0:0:0:1:50308	admin	200		114.38 ms
18:23:22.757	0:0:0:0:0:0:0:1:50308	admin	REQUEST	[POST] /games
18:23:22.800	0:0:0:0:0:0:0:1:50308	admin	200		43.8 ms
18:23:26.801	0:0:0:0:0:0:0:1:50308	admin	REQUEST	[POST] /games
18:23:26.836	0:0:0:0:0:0:0:1:50308	admin	200		34.67 ms
18:24:13.820	0:0:0:0:0:0:0:1:50308	admin	REQUEST	[POST] /games
18:24:13.890	0:0:0:0:0:0:0:1:50308	admin	200		70.31 ms
18:25:03.269	0:0:0:0:0:0:0:1:50308	admin	REQUEST	[POST] /games
18:25:03.395	0:0:0:0:0:0:0:1:50308	admin	200		126.81 ms
18:25:33.257	0:0:0:0:0:0:0:1:50308	admin	REQUEST	[POST] /games
18:25:33.387	0:0:0:0:0:0:0:1:50308	admin	200		129.65 ms
18:27:24.451	0:0:0:0:0:0:0:1:50377	admin	REQUEST	[POST] /games
18:27:24.545	0:0:0:0:0:0:0:1:50377	admin	400	Stopped at C:/Program Files (x86)/BaseX/webapp/game.xqm, 48/12: [XQST0118] Different start and end tag: <table>...</body>.	94.38 ms
18:27:39.122	0:0:0:0:0:0:0:1:50377	admin	REQUEST	[POST] /games
18:27:39.233	0:0:0:0:0:0:0:1:50377	admin	200		111.66 ms
18:32:52.061	0:0:0:0:0:0:0:1:50411	admin	REQUEST	[POST] /games
18:32:52.181	0:0:0:0:0:0:0:1:50411	admin	200		119.68 ms
18:33:35.789	0:0:0:0:0:0:0:1:50411	admin	REQUEST	[POST] /games
18:33:35.925	0:0:0:0:0:0:0:1:50411	admin	200		136.38 ms
18:33:37.877	0:0:0:0:0:0:0:1:50411	admin	REQUEST	[POST] /games
18:33:37.893	0:0:0:0:0:0:0:1:50411	admin	200		15.13 ms
18:33:38.069	0:0:0:0:0:0:0:1:50411	admin	REQUEST	[POST] /games
18:33:38.085	0:0:0:0:0:0:0:1:50411	admin	200		15.77 ms
18:33:38.228	0:0:0:0:0:0:0:1:50411	admin	REQUEST	[POST] /games
18:33:38.244	0:0:0:0:0:0:0:1:50411	admin	200		16.33 ms
18:33:38.376	0:0:0:0:0:0:0:1:50411	admin	REQUEST	[POST] /games
18:33:38.391	0:0:0:0:0:0:0:1:50411	admin	200		15.74 ms
18:33:38.528	0:0:0:0:0:0:0:1:50411	admin	REQUEST	[POST] /games
18:33:38.544	0:0:0:0:0:0:0:1:50411	admin	200		16.57 ms
18:33:38.681	0:0:0:0:0:0:0:1:50411	admin	REQUEST	[POST] /games
18:33:38.693	0:0:0:0:0:0:0:1:50411	admin	200		12.31 ms
18:33:38.873	0:0:0:0:0:0:0:1:50411	admin	REQUEST	[POST] /games
18:33:38.887	0:0:0:0:0:0:0:1:50411	admin	200		14.45 ms
18:33:51.720	0:0:0:0:0:0:0:1:50411	admin	REQUEST	[POST] /games
18:33:51.822	0:0:0:0:0:0:0:1:50411	admin	200		101.78 ms
18:33:52.137	0:0:0:0:0:0:0:1:50411	admin	REQUEST	[POST] /games
18:33:52.152	0:0:0:0:0:0:0:1:50411	admin	200		14.63 ms
18:33:52.281	0:0:0:0:0:0:0:1:50411	admin	REQUEST	[POST] /games
18:33:52.294	0:0:0:0:0:0:0:1:50411	admin	200		12.25 ms
18:33:52.443	0:0:0:0:0:0:0:1:50411	admin	REQUEST	[POST] /games
18:33:52.458	0:0:0:0:0:0:0:1:50411	admin	200		15.69 ms
18:34:10.741	0:0:0:0:0:0:0:1:50411	admin	REQUEST	[POST] /games
18:34:10.848	0:0:0:0:0:0:0:1:50411	admin	200		108.33 ms
18:34:46.721	0:0:0:0:0:0:0:1:50411	admin	REQUEST	[POST] /games
18:34:46.826	0:0:0:0:0:0:0:1:50411	admin	200		105.55 ms
18:34:47.225	0:0:0:0:0:0:0:1:50411	admin	REQUEST	[POST] /games
18:34:47.238	0:0:0:0:0:0:0:1:50411	admin	200		13.85 ms
18:34:47.392	0:0:0:0:0:0:0:1:50411	admin	REQUEST	[POST] /games
18:34:47.408	0:0:0:0:0:0:0:1:50411	admin	200		15.86 ms
18:34:47.544	0:0:0:0:0:0:0:1:50411	admin	REQUEST	[POST] /games
18:34:47.558	0:0:0:0:0:0:0:1:50411	admin	200		15.6 ms
18:34:53.818	0:0:0:0:0:0:0:1:50411	admin	REQUEST	[POST] /games
18:34:53.909	0:0:0:0:0:0:0:1:50411	admin	200		91.24 ms
18:35:48.569	0:0:0:0:0:0:0:1:50411	admin	REQUEST	[POST] /games
18:35:48.670	0:0:0:0:0:0:0:1:50411	admin	200		101.58 ms
18:35:56.933	0:0:0:0:0:0:0:1:50411	admin	REQUEST	[POST] /games
18:35:57.043	0:0:0:0:0:0:0:1:50411	admin	200		111.66 ms
18:36:47.822	0:0:0:0:0:0:0:1:50411	admin	REQUEST	[POST] /games
18:36:47.942	0:0:0:0:0:0:0:1:50411	admin	200		119.81 ms
18:37:38.997	0:0:0:0:0:0:0:1:50411	admin	REQUEST	[POST] /games
18:37:39.088	0:0:0:0:0:0:0:1:50411	admin	200		92.4 ms
18:38:02.602	0:0:0:0:0:0:0:1:50411	admin	REQUEST	[POST] /games
18:38:02.685	0:0:0:0:0:0:0:1:50411	admin	200		84.41 ms
18:38:09.453	0:0:0:0:0:0:0:1:50411	admin	REQUEST	[POST] /games
18:38:09.572	0:0:0:0:0:0:0:1:50411	admin	200		118.72 ms
18:38:12.014	0:0:0:0:0:0:0:1:50411	admin	REQUEST	[GET] /allgames
18:38:12.020	0:0:0:0:0:0:0:1:50411	admin	200		5.82 ms
18:38:21.267	0:0:0:0:0:0:0:1:50411	admin	REQUEST	[GET] /choosegame
18:38:21.297	0:0:0:0:0:0:0:1:50411	admin	200		30.74 ms
18:38:24.089	0:0:0:0:0:0:0:1:50411	admin	REQUEST	[POST] /games
18:38:24.094	0:0:0:0:0:0:0:1:50411	admin	200		5.29 ms
18:38:26.045	0:0:0:0:0:0:0:1:50411	admin	REQUEST	[GET] /allgames
18:38:26.049	0:0:0:0:0:0:0:1:50411	admin	200		4.61 ms
18:38:28.128	0:0:0:0:0:0:0:1:50411	admin	REQUEST	[GET] /addgame
18:38:28.131	0:0:0:0:0:0:0:1:50411	admin	200		2.38 ms
18:38:31.972	0:0:0:0:0:0:0:1:50411	admin	REQUEST	[GET] /deletegame
18:38:31.999	0:0:0:0:0:0:0:1:50411	admin	200		28.1 ms
18:41:55.387	0:0:0:0:0:0:0:1:50520	admin	REQUEST	[GET] /choosegame
18:41:55.416	0:0:0:0:0:0:0:1:50520	admin	200		29.01 ms
18:42:03.044	0:0:0:0:0:0:0:1:50520	admin	REQUEST	[GET] /choosegame
18:42:03.071	0:0:0:0:0:0:0:1:50520	admin	200		27.03 ms
18:42:05.427	0:0:0:0:0:0:0:1:50520	admin	REQUEST	[POST] /games
18:42:05.432	0:0:0:0:0:0:0:1:50520	admin	200		5.38 ms
18:42:08.744	0:0:0:0:0:0:0:1:50520	admin	REQUEST	[GET] /allgames
18:42:08.774	0:0:0:0:0:0:0:1:50520	admin	200		30.08 ms
18:42:10.296	0:0:0:0:0:0:0:1:50520	admin	REQUEST	[GET] /deletegame
18:42:10.299	0:0:0:0:0:0:0:1:50520	admin	200		3.07 ms
18:42:16.390	0:0:0:0:0:0:0:1:50520	admin	REQUEST	[GET] /addgame
18:42:16.415	0:0:0:0:0:0:0:1:50520	admin	200		24.92 ms
18:42:24.079	0:0:0:0:0:0:0:1:50520	admin	REQUEST	[POST] /game/add
18:42:24.117	0:0:0:0:0:0:0:1:50520	admin	302	Location: /allgames	37.91 ms
18:42:24.122	0:0:0:0:0:0:0:1:50520	admin	REQUEST	[GET] /allgames
18:42:24.156	0:0:0:0:0:0:0:1:50520	admin	200		34.72 ms
18:42:26.802	0:0:0:0:0:0:0:1:50520	admin	REQUEST	[GET] /deletegame
18:42:26.806	0:0:0:0:0:0:0:1:50520	admin	200		3.86 ms
18:42:29.171	0:0:0:0:0:0:0:1:50520	admin	REQUEST	[POST] /game/delete
18:42:29.178	0:0:0:0:0:0:0:1:50520	admin	302	Location: /allgames	6.47 ms
18:42:29.182	0:0:0:0:0:0:0:1:50520	admin	REQUEST	[GET] /allgames
18:42:29.204	0:0:0:0:0:0:0:1:50520	admin	200		21.89 ms
22:39:18.492	SERVER	admin	OK	Server was started (port: 1984).
22:39:18.574	SERVER	admin	OK	HTTP Server was started (port: 8984).
22:39:18.927	0:0:0:0:0:0:0:1:49949	admin	REQUEST	[GET] /deletegame
22:39:21.624	0:0:0:0:0:0:0:1:49949	admin	200		2703.58 ms
22:39:21.938	0:0:0:0:0:0:0:1:49949	admin	REQUEST	[GET] /favicon.ico
22:39:21.939	0:0:0:0:0:0:0:1:49949	admin	404	No function found that matches the request.	1.76 ms
22:39:25.637	0:0:0:0:0:0:0:1:49949	admin	REQUEST	[GET] /choosegame
22:39:25.725	0:0:0:0:0:0:0:1:49949	admin	200		88.22 ms
22:39:26.399	0:0:0:0:0:0:0:1:49949	admin	REQUEST	[GET] /choosegame
22:39:26.408	0:0:0:0:0:0:0:1:49949	admin	200		8.67 ms
22:39:29.469	0:0:0:0:0:0:0:1:49949	admin	REQUEST	[POST] /games
22:39:29.696	0:0:0:0:0:0:0:1:49949	admin	200		228.6 ms
22:39:33.972	0:0:0:0:0:0:0:1:49949	admin	REQUEST	[GET] /allgames
22:39:34.037	0:0:0:0:0:0:0:1:49949	admin	200		64.65 ms
22:41:55.496	0:0:0:0:0:0:0:1:49978	admin	REQUEST	[GET] /allgames
22:41:55.634	0:0:0:0:0:0:0:1:49978	admin	200		138.32 ms
22:41:56.237	0:0:0:0:0:0:0:1:49978	admin	REQUEST	[GET] /allgames
22:41:56.260	0:0:0:0:0:0:0:1:49978	admin	200		23.48 ms
22:43:35.856	0:0:0:0:0:0:0:1:49987	admin	REQUEST	[GET] /allgames
22:43:35.982	0:0:0:0:0:0:0:1:49987	admin	200		126.43 ms
22:43:37.556	0:0:0:0:0:0:0:1:49987	admin	REQUEST	[GET] /updategame
22:43:37.567	0:0:0:0:0:0:0:1:49987	admin	200		10.89 ms
22:45:46.558	0:0:0:0:0:0:0:1:50000	admin	REQUEST	[GET] /updategame
22:45:46.878	0:0:0:0:0:0:0:1:50000	admin	200		320.84 ms
22:45:47.710	0:0:0:0:0:0:0:1:50000	admin	REQUEST	[GET] /updategame
22:45:47.720	0:0:0:0:0:0:0:1:50000	admin	200		8.91 ms
22:46:02.563	0:0:0:0:0:0:0:1:50000	admin	REQUEST	[GET] /updategame
22:46:02.701	0:0:0:0:0:0:0:1:50000	admin	200		138.79 ms
22:46:33.132	0:0:0:0:0:0:0:1:50000	admin	REQUEST	[GET] /updategame
22:46:33.245	0:0:0:0:0:0:0:1:50000	admin	200		114.34 ms
22:46:33.782	0:0:0:0:0:0:0:1:50000	admin	REQUEST	[GET] /updategame
22:46:33.789	0:0:0:0:0:0:0:1:50000	admin	200		7.22 ms
22:46:33.951	0:0:0:0:0:0:0:1:50000	admin	REQUEST	[GET] /updategame
22:46:33.959	0:0:0:0:0:0:0:1:50000	admin	200		8.46 ms
22:47:12.057	0:0:0:0:0:0:0:1:50000	admin	REQUEST	[GET] /updategame
22:47:12.177	0:0:0:0:0:0:0:1:50000	admin	200		121.21 ms
22:47:41.545	0:0:0:0:0:0:0:1:50000	admin	REQUEST	[GET] /updategame
22:47:41.608	0:0:0:0:0:0:0:1:50000	admin	200		63.88 ms
22:47:51.915	0:0:0:0:0:0:0:1:50000	admin	REQUEST	[GET] /updategame
22:47:52.151	0:0:0:0:0:0:0:1:50000	admin	200		235.9 ms
22:47:52.593	0:0:0:0:0:0:0:1:50000	admin	REQUEST	[GET] /updategame
22:47:52.602	0:0:0:0:0:0:0:1:50000	admin	200		9.8 ms
22:48:00.426	0:0:0:0:0:0:0:1:50000	admin	REQUEST	[GET] /updategame
22:48:00.548	0:0:0:0:0:0:0:1:50000	admin	200		121.92 ms
22:48:17.147	0:0:0:0:0:0:0:1:50000	admin	REQUEST	[GET] /updategame
22:48:17.220	0:0:0:0:0:0:0:1:50000	admin	200		73.1 ms
22:48:23.962	0:0:0:0:0:0:0:1:50000	admin	REQUEST	[GET] /updategame
22:48:24.033	0:0:0:0:0:0:0:1:50000	admin	200		71.64 ms
22:48:52.127	0:0:0:0:0:0:0:1:50000	admin	REQUEST	[GET] /updategame
22:48:52.231	0:0:0:0:0:0:0:1:50000	admin	200		105.44 ms
22:49:27.500	0:0:0:0:0:0:0:1:50000	admin	REQUEST	[GET] /updategame
22:49:27.583	0:0:0:0:0:0:0:1:50000	admin	400	Stopped at C:/Program Files (x86)/BaseX/webapp/game.xqm, 413/19: [XPST0003] Expecting '>', found '<'.	83.54 ms
22:49:35.577	0:0:0:0:0:0:0:1:50000	admin	REQUEST	[GET] /updategame
22:49:35.666	0:0:0:0:0:0:0:1:50000	admin	400	Stopped at C:/Program Files (x86)/BaseX/webapp/game.xqm, 413/19: [XPST0003] Expecting '>', found '<'.	88.97 ms
22:49:46.972	0:0:0:0:0:0:0:1:50000	admin	REQUEST	[GET] /updategame
22:49:47.074	0:0:0:0:0:0:0:1:50000	admin	400	Stopped at C:/Program Files (x86)/BaseX/webapp/game.xqm, 425/18: [XPST0003] Expecting '>', found '<'.	103.64 ms
22:49:56.768	0:0:0:0:0:0:0:1:50000	admin	REQUEST	[GET] /updategame
22:49:56.861	0:0:0:0:0:0:0:1:50000	admin	200		93.76 ms
22:50:33.502	0:0:0:0:0:0:0:1:50000	admin	REQUEST	[GET] /updategame
22:50:33.599	0:0:0:0:0:0:0:1:50000	admin	200		97.57 ms
22:50:54.288	0:0:0:0:0:0:0:1:50000	admin	REQUEST	[GET] /updategame
22:50:54.390	0:0:0:0:0:0:0:1:50000	admin	200		102.3 ms
22:50:55.034	0:0:0:0:0:0:0:1:50000	admin	REQUEST	[GET] /updategame
22:50:55.041	0:0:0:0:0:0:0:1:50000	admin	200		7.1 ms
22:51:21.499	0:0:0:0:0:0:0:1:50000	admin	REQUEST	[GET] /updategame
22:51:21.583	0:0:0:0:0:0:0:1:50000	admin	200		84.39 ms
22:51:44.256	0:0:0:0:0:0:0:1:50000	admin	REQUEST	[GET] /updategame
22:51:44.353	0:0:0:0:0:0:0:1:50000	admin	200		98.04 ms
22:52:03.483	0:0:0:0:0:0:0:1:50000	admin	REQUEST	[GET] /updategame
22:52:03.576	0:0:0:0:0:0:0:1:50000	admin	200		93.0 ms
22:52:19.274	0:0:0:0:0:0:0:1:50000	admin	REQUEST	[GET] /updategame
22:52:19.371	0:0:0:0:0:0:0:1:50000	admin	200		98.29 ms
22:53:46.255	0:0:0:0:0:0:0:1:50097	admin	REQUEST	[GET] /updategame
22:53:46.316	0:0:0:0:0:0:0:1:50097	admin	200		61.08 ms
22:54:19.973	0:0:0:0:0:0:0:1:50097	admin	REQUEST	[GET] /updategame
22:54:20.075	0:0:0:0:0:0:0:1:50097	admin	200		102.34 ms
22:56:16.009	0:0:0:0:0:0:0:1:50109	admin	REQUEST	[GET] /updategame
22:56:16.109	0:0:0:0:0:0:0:1:50109	admin	200		100.35 ms
22:56:46.516	0:0:0:0:0:0:0:1:50109	admin	REQUEST	[GET] /updategame
22:56:46.615	0:0:0:0:0:0:0:1:50109	admin	200		101.03 ms
22:59:38.436	0:0:0:0:0:0:0:1:50130	admin	REQUEST	[GET] /updategame
22:59:38.491	0:0:0:0:0:0:0:1:50130	admin	200		54.64 ms
22:59:47.407	0:0:0:0:0:0:0:1:50130	admin	REQUEST	[GET] /updategame
22:59:47.523	0:0:0:0:0:0:0:1:50130	admin	200		115.24 ms
22:59:52.695	0:0:0:0:0:0:0:1:50130	admin	REQUEST	[GET] /updategame
22:59:52.749	0:0:0:0:0:0:0:1:50130	admin	200		53.55 ms
22:59:53.363	0:0:0:0:0:0:0:1:50130	admin	REQUEST	[GET] /updategame
22:59:53.369	0:0:0:0:0:0:0:1:50130	admin	200		6.42 ms
22:59:54.053	0:0:0:0:0:0:0:1:50130	admin	REQUEST	[GET] /updategame
22:59:54.059	0:0:0:0:0:0:0:1:50130	admin	200		5.16 ms
23:00:04.119	0:0:0:0:0:0:0:1:50130	admin	REQUEST	[GET] /updategame
23:00:04.208	0:0:0:0:0:0:0:1:50130	admin	200		89.3 ms
23:00:09.028	0:0:0:0:0:0:0:1:50130	admin	REQUEST	[GET] /updategame
23:00:09.110	0:0:0:0:0:0:0:1:50130	admin	200		81.87 ms
23:00:15.931	0:0:0:0:0:0:0:1:50130	admin	REQUEST	[GET] /updategame
23:00:16.016	0:0:0:0:0:0:0:1:50130	admin	200		84.91 ms
23:00:16.512	0:0:0:0:0:0:0:1:50130	admin	REQUEST	[GET] /updategame
23:00:16.520	0:0:0:0:0:0:0:1:50130	admin	200		8.97 ms
23:00:32.074	0:0:0:0:0:0:0:1:50130	admin	REQUEST	[GET] /allgames
23:00:32.139	0:0:0:0:0:0:0:1:50130	admin	200		64.97 ms
23:00:34.877	0:0:0:0:0:0:0:1:50130	admin	REQUEST	[GET] /updategame
23:00:34.880	0:0:0:0:0:0:0:1:50130	admin	200		2.95 ms
23:00:36.508	0:0:0:0:0:0:0:1:50130	admin	REQUEST	[GET] /allgames
23:00:36.515	0:0:0:0:0:0:0:1:50130	admin	200		7.46 ms
23:00:37.333	0:0:0:0:0:0:0:1:50130	admin	REQUEST	[GET] /addgame
23:00:37.336	0:0:0:0:0:0:0:1:50130	admin	200		3.62 ms
23:00:39.378	0:0:0:0:0:0:0:1:50130	admin	REQUEST	[GET] /deletegame
23:00:39.381	0:0:0:0:0:0:0:1:50130	admin	200		3.59 ms
23:01:09.315	0:0:0:0:0:0:0:1:50130	admin	REQUEST	[GET] /deletegame
23:01:09.413	0:0:0:0:0:0:0:1:50130	admin	200		98.65 ms
23:01:43.109	0:0:0:0:0:0:0:1:50130	admin	REQUEST	[GET] /deletegame
23:01:43.200	0:0:0:0:0:0:0:1:50130	admin	200		91.36 ms
23:01:43.995	0:0:0:0:0:0:0:1:50130	admin	REQUEST	[GET] /deletegame
23:01:44.000	0:0:0:0:0:0:0:1:50130	admin	200		6.03 ms
23:01:49.075	0:0:0:0:0:0:0:1:50130	admin	REQUEST	[GET] /deletegame
23:01:49.182	0:0:0:0:0:0:0:1:50130	admin	200		106.81 ms
23:01:50.067	0:0:0:0:0:0:0:1:50130	admin	REQUEST	[GET] /deletegame
23:01:50.071	0:0:0:0:0:0:0:1:50130	admin	200		5.06 ms
23:02:05.359	0:0:0:0:0:0:0:1:50130	admin	REQUEST	[GET] /deletegame
23:02:05.477	0:0:0:0:0:0:0:1:50130	admin	200		118.16 ms
23:02:14.583	0:0:0:0:0:0:0:1:50130	admin	REQUEST	[GET] /deletegame
23:02:14.688	0:0:0:0:0:0:0:1:50130	admin	200		105.39 ms
23:02:15.341	0:0:0:0:0:0:0:1:50130	admin	REQUEST	[GET] /deletegame
23:02:15.349	0:0:0:0:0:0:0:1:50130	admin	200		8.92 ms
23:02:15.553	0:0:0:0:0:0:0:1:50130	admin	REQUEST	[GET] /deletegame
23:02:15.562	0:0:0:0:0:0:0:1:50130	admin	200		8.55 ms
23:02:19.325	0:0:0:0:0:0:0:1:50130	admin	REQUEST	[GET] /deletegame
23:02:19.430	0:0:0:0:0:0:0:1:50130	admin	200		104.71 ms
23:02:23.171	0:0:0:0:0:0:0:1:50130	admin	REQUEST	[GET] /deletegame
23:02:23.244	0:0:0:0:0:0:0:1:50130	admin	200		72.9 ms
23:02:24.300	0:0:0:0:0:0:0:1:50130	admin	REQUEST	[GET] /deletegame
23:02:24.308	0:0:0:0:0:0:0:1:50130	admin	200		7.69 ms
23:02:31.734	0:0:0:0:0:0:0:1:50130	admin	REQUEST	[GET] /deletegame
23:02:31.840	0:0:0:0:0:0:0:1:50130	admin	200		106.06 ms
23:02:40.484	0:0:0:0:0:0:0:1:50130	admin	REQUEST	[GET] /deletegame
23:02:40.568	0:0:0:0:0:0:0:1:50130	admin	200		85.42 ms
23:02:41.199	0:0:0:0:0:0:0:1:50130	admin	REQUEST	[GET] /deletegame
23:02:41.204	0:0:0:0:0:0:0:1:50130	admin	200		5.58 ms
23:02:48.403	0:0:0:0:0:0:0:1:50130	admin	REQUEST	[GET] /deletegame
23:02:48.487	0:0:0:0:0:0:0:1:50130	admin	200		84.49 ms
23:02:58.716	0:0:0:0:0:0:0:1:50130	admin	REQUEST	[GET] /deletegame
23:02:58.806	0:0:0:0:0:0:0:1:50130	admin	200		90.6 ms
23:03:06.497	0:0:0:0:0:0:0:1:50130	admin	REQUEST	[GET] /deletegame
23:03:06.588	0:0:0:0:0:0:0:1:50130	admin	200		90.87 ms
23:03:11.903	0:0:0:0:0:0:0:1:50130	admin	REQUEST	[GET] /deletegame
23:03:12.019	0:0:0:0:0:0:0:1:50130	admin	200		116.14 ms
23:03:34.005	0:0:0:0:0:0:0:1:50130	admin	REQUEST	[GET] /deletegame
23:03:34.115	0:0:0:0:0:0:0:1:50130	admin	200		110.01 ms
23:03:41.768	0:0:0:0:0:0:0:1:50130	admin	REQUEST	[GET] /deletegame
23:03:41.848	0:0:0:0:0:0:0:1:50130	admin	200		81.49 ms
23:03:55.036	0:0:0:0:0:0:0:1:50130	admin	REQUEST	[GET] /deletegame
23:03:55.118	0:0:0:0:0:0:0:1:50130	admin	200		82.37 ms
23:04:01.471	0:0:0:0:0:0:0:1:50130	admin	REQUEST	[GET] /deletegame
23:04:01.562	0:0:0:0:0:0:0:1:50130	admin	200		91.9 ms
23:04:24.937	0:0:0:0:0:0:0:1:50130	admin	REQUEST	[GET] /deletegame
23:04:25.015	0:0:0:0:0:0:0:1:50130	admin	200		78.7 ms
23:04:33.641	0:0:0:0:0:0:0:1:50130	admin	REQUEST	[GET] /deletegame
23:04:33.720	0:0:0:0:0:0:0:1:50130	admin	200		79.82 ms
23:05:25.263	0:0:0:0:0:0:0:1:50130	admin	REQUEST	[GET] /deletegame
23:05:25.357	0:0:0:0:0:0:0:1:50130	admin	200		93.61 ms
23:05:57.415	0:0:0:0:0:0:0:1:50130	admin	REQUEST	[GET] /deletegame
23:05:57.506	0:0:0:0:0:0:0:1:50130	admin	200		91.32 ms
23:06:15.871	0:0:0:0:0:0:0:1:50130	admin	REQUEST	[GET] /deletegame
23:06:15.957	0:0:0:0:0:0:0:1:50130	admin	200		86.44 ms
23:06:21.922	0:0:0:0:0:0:0:1:50130	admin	REQUEST	[POST] /game/delete
23:06:21.965	0:0:0:0:0:0:0:1:50130	admin	302	Location: /allgames	43.29 ms
23:06:21.969	0:0:0:0:0:0:0:1:50130	admin	REQUEST	[GET] /allgames
23:06:21.977	0:0:0:0:0:0:0:1:50130	admin	200		7.93 ms
23:06:27.358	0:0:0:0:0:0:0:1:50130	admin	REQUEST	[GET] /updategame
23:06:27.384	0:0:0:0:0:0:0:1:50130	admin	200		25.97 ms
23:06:29.344	0:0:0:0:0:0:0:1:50130	admin	REQUEST	[GET] /allgames
23:06:29.351	0:0:0:0:0:0:0:1:50130	admin	200		6.26 ms
23:06:30.391	0:0:0:0:0:0:0:1:50130	admin	REQUEST	[GET] /deletegame
23:06:30.394	0:0:0:0:0:0:0:1:50130	admin	200		3.51 ms
23:07:08.432	0:0:0:0:0:0:0:1:50130	admin	REQUEST	[GET] /deletegame
23:07:08.517	0:0:0:0:0:0:0:1:50130	admin	200		84.64 ms
23:07:21.777	0:0:0:0:0:0:0:1:50130	admin	REQUEST	[GET] /deletegame
23:07:21.889	0:0:0:0:0:0:0:1:50130	admin	200		112.62 ms
23:07:22.825	0:0:0:0:0:0:0:1:50130	admin	REQUEST	[GET] /deletegame
23:07:22.831	0:0:0:0:0:0:0:1:50130	admin	200		6.21 ms
23:07:28.199	0:0:0:0:0:0:0:1:50130	admin	REQUEST	[GET] /deletegame
23:07:28.282	0:0:0:0:0:0:0:1:50130	admin	200		83.06 ms
23:07:37.938	0:0:0:0:0:0:0:1:50130	admin	REQUEST	[GET] /deletegame
23:07:38.018	0:0:0:0:0:0:0:1:50130	admin	200		79.26 ms
23:07:44.985	0:0:0:0:0:0:0:1:50130	admin	REQUEST	[GET] /deletegame
23:07:45.071	0:0:0:0:0:0:0:1:50130	admin	200		85.37 ms
23:07:52.611	0:0:0:0:0:0:0:1:50130	admin	REQUEST	[GET] /deletegame
23:07:52.692	0:0:0:0:0:0:0:1:50130	admin	200		81.07 ms
23:07:56.941	0:0:0:0:0:0:0:1:50130	admin	REQUEST	[GET] /deletegame
23:07:57.040	0:0:0:0:0:0:0:1:50130	admin	200		99.25 ms
23:07:57.845	0:0:0:0:0:0:0:1:50130	admin	REQUEST	[GET] /deletegame
23:07:57.851	0:0:0:0:0:0:0:1:50130	admin	200		5.64 ms
23:08:01.884	0:0:0:0:0:0:0:1:50130	admin	REQUEST	[GET] /deletegame
23:08:01.969	0:0:0:0:0:0:0:1:50130	admin	200		85.63 ms
23:08:09.446	0:0:0:0:0:0:0:1:50130	admin	REQUEST	[GET] /deletegame
23:08:09.529	0:0:0:0:0:0:0:1:50130	admin	200		83.29 ms
23:08:14.802	0:0:0:0:0:0:0:1:50130	admin	REQUEST	[GET] /deletegame
23:08:14.887	0:0:0:0:0:0:0:1:50130	admin	200		84.9 ms
23:08:18.592	0:0:0:0:0:0:0:1:50130	admin	REQUEST	[GET] /allgames
23:08:18.620	0:0:0:0:0:0:0:1:50130	admin	200		29.67 ms
23:08:22.591	0:0:0:0:0:0:0:1:50130	admin	REQUEST	[GET] /choosegame
23:08:22.617	0:0:0:0:0:0:0:1:50130	admin	200		26.39 ms
23:08:25.566	0:0:0:0:0:0:0:1:50130	admin	REQUEST	[POST] /games
23:08:25.572	0:0:0:0:0:0:0:1:50130	admin	200		4.89 ms
23:08:26.629	0:0:0:0:0:0:0:1:50130	admin	REQUEST	[GET] /allgames
23:08:26.635	0:0:0:0:0:0:0:1:50130	admin	200		6.81 ms
23:08:27.902	0:0:0:0:0:0:0:1:50130	admin	REQUEST	[GET] /addgame
23:08:27.904	0:0:0:0:0:0:0:1:50130	admin	200		2.31 ms
23:08:30.430	0:0:0:0:0:0:0:1:50130	admin	REQUEST	[GET] /updategame
23:08:30.433	0:0:0:0:0:0:0:1:50130	admin	200		2.97 ms
23:08:32.654	0:0:0:0:0:0:0:1:50130	admin	REQUEST	[GET] /allgames
23:08:32.659	0:0:0:0:0:0:0:1:50130	admin	200		5.22 ms
23:08:33.677	0:0:0:0:0:0:0:1:50130	admin	REQUEST	[GET] /deletegame
23:08:33.678	0:0:0:0:0:0:0:1:50130	admin	200		1.87 ms
23:08:36.083	0:0:0:0:0:0:0:1:50130	admin	REQUEST	[GET] /allgames
23:08:36.087	0:0:0:0:0:0:0:1:50130	admin	200		4.94 ms
23:08:37.055	0:0:0:0:0:0:0:1:50130	admin	REQUEST	[GET] /choosegame
23:08:37.058	0:0:0:0:0:0:0:1:50130	admin	200		3.19 ms
23:08:39.227	0:0:0:0:0:0:0:1:50130	admin	REQUEST	[POST] /games
23:08:39.232	0:0:0:0:0:0:0:1:50130	admin	200		5.83 ms
23:08:39.835	0:0:0:0:0:0:0:1:50130	admin	REQUEST	[GET] /allgames
23:08:39.840	0:0:0:0:0:0:0:1:50130	admin	200		5.93 ms
23:09:42.638	0:0:0:0:0:0:0:1:50238	admin	REQUEST	[GET] /allgames
23:09:42.728	0:0:0:0:0:0:0:1:50238	admin	200		90.05 ms
23:09:43.551	0:0:0:0:0:0:0:1:50238	admin	REQUEST	[GET] /addgame
23:09:43.554	0:0:0:0:0:0:0:1:50238	admin	200		2.39 ms
23:09:57.053	0:0:0:0:0:0:0:1:50238	admin	REQUEST	[GET] /addgame
23:09:57.159	0:0:0:0:0:0:0:1:50238	admin	200		105.1 ms
23:09:58.217	0:0:0:0:0:0:0:1:50238	admin	REQUEST	[GET] /addgame
23:09:58.224	0:0:0:0:0:0:0:1:50238	admin	200		7.12 ms
23:10:01.120	0:0:0:0:0:0:0:1:50238	admin	REQUEST	[POST] /game/add
23:10:01.148	0:0:0:0:0:0:0:1:50238	admin	302	Location: /allgames	28.83 ms
23:10:01.151	0:0:0:0:0:0:0:1:50238	admin	REQUEST	[GET] /allgames
23:10:01.179	0:0:0:0:0:0:0:1:50238	admin	200		27.29 ms
23:10:04.438	0:0:0:0:0:0:0:1:50238	admin	REQUEST	[GET] /deletegame
23:10:04.463	0:0:0:0:0:0:0:1:50238	admin	200		25.2 ms
23:10:07.171	0:0:0:0:0:0:0:1:50238	admin	REQUEST	[POST] /game/delete
23:10:07.177	0:0:0:0:0:0:0:1:50238	admin	302	Location: /allgames	6.1 ms
23:10:07.181	0:0:0:0:0:0:0:1:50238	admin	REQUEST	[GET] /allgames
23:10:07.187	0:0:0:0:0:0:0:1:50238	admin	200		6.1 ms
23:10:11.483	0:0:0:0:0:0:0:1:50238	admin	REQUEST	[GET] /addgame
23:10:11.507	0:0:0:0:0:0:0:1:50238	admin	200		24.37 ms
23:10:18.052	0:0:0:0:0:0:0:1:50238	admin	REQUEST	[GET] /deletegame
23:10:18.081	0:0:0:0:0:0:0:1:50238	admin	200		28.26 ms
23:10:19.100	0:0:0:0:0:0:0:1:50238	admin	REQUEST	[POST] /game/delete
23:10:19.104	0:0:0:0:0:0:0:1:50238	admin	302	Location: /allgames	4.67 ms
23:10:19.106	0:0:0:0:0:0:0:1:50238	admin	REQUEST	[GET] /allgames
23:10:19.111	0:0:0:0:0:0:0:1:50238	admin	200		4.7 ms
23:10:20.437	0:0:0:0:0:0:0:1:50238	admin	REQUEST	[GET] /deletegame
23:10:20.439	0:0:0:0:0:0:0:1:50238	admin	200		2.62 ms
23:10:21.963	0:0:0:0:0:0:0:1:50238	admin	REQUEST	[POST] /game/delete
23:10:21.967	0:0:0:0:0:0:0:1:50238	admin	302	Location: /allgames	4.98 ms
23:10:21.970	0:0:0:0:0:0:0:1:50238	admin	REQUEST	[GET] /allgames
23:10:21.974	0:0:0:0:0:0:0:1:50238	admin	200		4.52 ms
23:10:29.687	0:0:0:0:0:0:0:1:50238	admin	REQUEST	[GET] /updategame
23:10:29.712	0:0:0:0:0:0:0:1:50238	admin	200		26.43 ms
23:10:35.604	0:0:0:0:0:0:0:1:50238	admin	REQUEST	[POST] /game/update
23:10:35.646	0:0:0:0:0:0:0:1:50238	admin	302	Location: /allgames	43.29 ms
23:10:35.650	0:0:0:0:0:0:0:1:50238	admin	REQUEST	[GET] /allgames
23:10:35.658	0:0:0:0:0:0:0:1:50238	admin	200		8.08 ms
23:10:37.774	0:0:0:0:0:0:0:1:50238	admin	REQUEST	[GET] /choosegame
23:10:37.777	0:0:0:0:0:0:0:1:50238	admin	200		2.61 ms
23:10:38.790	0:0:0:0:0:0:0:1:50238	admin	REQUEST	[POST] /games
23:10:38.795	0:0:0:0:0:0:0:1:50238	admin	200		5.02 ms
23:10:39.664	0:0:0:0:0:0:0:1:50238	admin	REQUEST	[GET] /allgames
23:10:39.670	0:0:0:0:0:0:0:1:50238	admin	200		5.37 ms
23:11:24.778	0:0:0:0:0:0:0:1:50238	admin	REQUEST	[GET] /allgames
23:11:24.879	0:0:0:0:0:0:0:1:50238	admin	200		100.53 ms
23:11:26.432	0:0:0:0:0:0:0:1:50238	admin	REQUEST	[GET] /addgame
23:11:26.434	0:0:0:0:0:0:0:1:50238	admin	200		2.24 ms
23:11:43.407	0:0:0:0:0:0:0:1:50238	admin	REQUEST	[GET] /addgame
23:11:43.501	0:0:0:0:0:0:0:1:50238	admin	200		93.85 ms
23:11:56.542	0:0:0:0:0:0:0:1:50238	admin	REQUEST	[GET] /addgame
23:11:56.627	0:0:0:0:0:0:0:1:50238	admin	200		85.21 ms
23:11:57.309	0:0:0:0:0:0:0:1:50238	admin	REQUEST	[GET] /addgame
23:11:57.315	0:0:0:0:0:0:0:1:50238	admin	200		6.38 ms
23:12:33.737	0:0:0:0:0:0:0:1:50238	admin	REQUEST	[GET] /addgame
23:12:33.835	0:0:0:0:0:0:0:1:50238	admin	200		98.31 ms
23:12:49.844	0:0:0:0:0:0:0:1:50238	admin	REQUEST	[GET] /addgame
23:12:49.924	0:0:0:0:0:0:0:1:50238	admin	200		80.3 ms
23:13:04.388	0:0:0:0:0:0:0:1:50238	admin	REQUEST	[GET] /addgame
23:13:04.488	0:0:0:0:0:0:0:1:50238	admin	200		101.06 ms
23:13:17.736	0:0:0:0:0:0:0:1:50238	admin	REQUEST	[POST] /game/add
23:13:17.778	0:0:0:0:0:0:0:1:50238	admin	302	Location: /allgames	42.42 ms
23:13:17.785	0:0:0:0:0:0:0:1:50238	admin	REQUEST	[GET] /allgames
23:13:17.810	0:0:0:0:0:0:0:1:50238	admin	200		25.6 ms
23:13:44.416	0:0:0:0:0:0:0:1:50238	admin	REQUEST	[GET] /allgames
23:13:44.515	0:0:0:0:0:0:0:1:50238	admin	200		100.03 ms
23:13:45.126	0:0:0:0:0:0:0:1:50238	admin	REQUEST	[GET] /allgames
23:13:45.136	0:0:0:0:0:0:0:1:50238	admin	200		10.77 ms
23:13:45.898	0:0:0:0:0:0:0:1:50238	admin	REQUEST	[GET] /deletegame
23:13:45.900	0:0:0:0:0:0:0:1:50238	admin	200		2.5 ms
23:13:46.985	0:0:0:0:0:0:0:1:50238	admin	REQUEST	[POST] /game/delete
23:13:46.991	0:0:0:0:0:0:0:1:50238	admin	302	Location: /allgames	6.07 ms
23:13:46.994	0:0:0:0:0:0:0:1:50238	admin	REQUEST	[GET] /allgames
23:13:47.000	0:0:0:0:0:0:0:1:50238	admin	200		5.88 ms
23:13:52.366	0:0:0:0:0:0:0:1:50238	admin	REQUEST	[GET] /allgames
23:13:52.464	0:0:0:0:0:0:0:1:50238	admin	200		98.12 ms
23:13:53.559	0:0:0:0:0:0:0:1:50238	admin	REQUEST	[GET] /deletegame
23:13:53.561	0:0:0:0:0:0:0:1:50238	admin	200		2.58 ms
23:13:54.499	0:0:0:0:0:0:0:1:50238	admin	REQUEST	[POST] /game/delete
23:13:54.505	0:0:0:0:0:0:0:1:50238	admin	302	Location: /allgames	6.1 ms
23:13:54.507	0:0:0:0:0:0:0:1:50238	admin	REQUEST	[GET] /allgames
23:13:54.512	0:0:0:0:0:0:0:1:50238	admin	200		4.72 ms
23:13:55.840	0:0:0:0:0:0:0:1:50238	admin	REQUEST	[GET] /deletegame
23:13:55.841	0:0:0:0:0:0:0:1:50238	admin	200		1.78 ms
23:13:57.359	0:0:0:0:0:0:0:1:50238	admin	REQUEST	[POST] /game/delete
23:13:57.363	0:0:0:0:0:0:0:1:50238	admin	302	Location: /allgames	4.57 ms
23:13:57.366	0:0:0:0:0:0:0:1:50238	admin	REQUEST	[GET] /allgames
23:13:57.371	0:0:0:0:0:0:0:1:50238	admin	200		5.23 ms
23:14:03.147	0:0:0:0:0:0:0:1:50238	admin	REQUEST	[GET] /allgames
23:14:03.269	0:0:0:0:0:0:0:1:50238	admin	200		122.63 ms
23:15:00.608	0:0:0:0:0:0:0:1:50238	admin	REQUEST	[GET] /addgame
23:15:00.634	0:0:0:0:0:0:0:1:50238	admin	200		27.01 ms
23:15:10.844	0:0:0:0:0:0:0:1:50238	admin	REQUEST	[POST] /game/add
23:15:10.878	0:0:0:0:0:0:0:1:50238	admin	302	Location: /allgames	34.38 ms
23:15:10.884	0:0:0:0:0:0:0:1:50238	admin	REQUEST	[GET] /allgames
23:15:10.923	0:0:0:0:0:0:0:1:50238	admin	200		38.43 ms
23:15:14.503	0:0:0:0:0:0:0:1:50238	admin	REQUEST	[GET] /deletegame
23:15:14.531	0:0:0:0:0:0:0:1:50238	admin	200		28.7 ms
23:15:17.319	0:0:0:0:0:0:0:1:50238	admin	REQUEST	[POST] /game/delete
23:15:17.329	0:0:0:0:0:0:0:1:50238	admin	302	Location: /allgames	9.89 ms
23:15:17.332	0:0:0:0:0:0:0:1:50238	admin	REQUEST	[GET] /allgames
23:15:17.360	0:0:0:0:0:0:0:1:50238	admin	200		28.02 ms
23:15:18.467	0:0:0:0:0:0:0:1:50238	admin	REQUEST	[GET] /choosegame
23:15:18.469	0:0:0:0:0:0:0:1:50238	admin	200		1.81 ms
23:15:20.868	0:0:0:0:0:0:0:1:50238	admin	REQUEST	[POST] /games
23:15:20.877	0:0:0:0:0:0:0:1:50238	admin	200		8.98 ms
23:15:22.480	0:0:0:0:0:0:0:1:50238	admin	REQUEST	[GET] /allgames
23:15:22.485	0:0:0:0:0:0:0:1:50238	admin	200		5.7 ms
23:15:28.156	0:0:0:0:0:0:0:1:50238	admin	REQUEST	[GET] /deletegame
23:15:28.186	0:0:0:0:0:0:0:1:50238	admin	200		30.3 ms
23:15:30.222	0:0:0:0:0:0:0:1:50238	admin	REQUEST	[POST] /game/delete
23:15:30.227	0:0:0:0:0:0:0:1:50238	admin	302	Location: /allgames	5.0 ms
23:15:30.231	0:0:0:0:0:0:0:1:50238	admin	REQUEST	[GET] /allgames
23:15:30.236	0:0:0:0:0:0:0:1:50238	admin	200		5.76 ms
23:15:32.827	0:0:0:0:0:0:0:1:50238	admin	REQUEST	[GET] /deletegame
23:15:32.830	0:0:0:0:0:0:0:1:50238	admin	200		2.76 ms
23:15:34.250	0:0:0:0:0:0:0:1:50238	admin	REQUEST	[POST] /game/delete
23:15:34.258	0:0:0:0:0:0:0:1:50238	admin	302	Location: /allgames	8.33 ms
23:15:34.261	0:0:0:0:0:0:0:1:50238	admin	REQUEST	[GET] /allgames
23:15:34.265	0:0:0:0:0:0:0:1:50238	admin	200		3.99 ms
23:15:37.933	0:0:0:0:0:0:0:1:50238	admin	REQUEST	[GET] /deletegame
23:15:37.960	0:0:0:0:0:0:0:1:50238	admin	200		26.47 ms
23:15:39.939	0:0:0:0:0:0:0:1:50238	admin	REQUEST	[POST] /game/delete
23:15:39.950	0:0:0:0:0:0:0:1:50238	admin	302	Location: /allgames	11.44 ms
23:15:39.954	0:0:0:0:0:0:0:1:50238	admin	REQUEST	[GET] /allgames
23:15:39.973	0:0:0:0:0:0:0:1:50238	admin	200		19.19 ms
23:15:59.002	0:0:0:0:0:0:0:1:50238	admin	REQUEST	[GET] /addgame
23:15:59.036	0:0:0:0:0:0:0:1:50238	admin	200		34.76 ms
23:16:02.568	0:0:0:0:0:0:0:1:50238	admin	REQUEST	[POST] /game/add
23:16:02.601	0:0:0:0:0:0:0:1:50238	admin	302	Location: /allgames	33.14 ms
23:16:02.604	0:0:0:0:0:0:0:1:50238	admin	REQUEST	[GET] /allgames
23:16:02.633	0:0:0:0:0:0:0:1:50238	admin	200		28.91 ms
23:16:03.931	0:0:0:0:0:0:0:1:50238	admin	REQUEST	[GET] /updategame
23:16:03.936	0:0:0:0:0:0:0:1:50238	admin	200		4.46 ms
23:16:10.708	0:0:0:0:0:0:0:1:50238	admin	REQUEST	[POST] /game/update
23:16:10.748	0:0:0:0:0:0:0:1:50238	admin	302	Location: /allgames	39.61 ms
23:16:10.752	0:0:0:0:0:0:0:1:50238	admin	REQUEST	[GET] /allgames
23:16:10.804	0:0:0:0:0:0:0:1:50238	admin	200		52.27 ms
23:16:14.219	0:0:0:0:0:0:0:1:50238	admin	REQUEST	[GET] /updategame
23:16:14.250	0:0:0:0:0:0:0:1:50238	admin	200		30.57 ms
23:16:20.104	0:0:0:0:0:0:0:1:50238	admin	REQUEST	[POST] /game/update
23:16:20.134	0:0:0:0:0:0:0:1:50238	admin	302	Location: /allgames	29.48 ms
23:16:20.139	0:0:0:0:0:0:0:1:50238	admin	REQUEST	[GET] /allgames
23:16:20.143	0:0:0:0:0:0:0:1:50238	admin	200		3.85 ms
23:16:30.579	0:0:0:0:0:0:0:1:50238	admin	REQUEST	[GET] /deletegame
23:16:30.605	0:0:0:0:0:0:0:1:50238	admin	200		26.88 ms
23:16:32.970	0:0:0:0:0:0:0:1:50238	admin	REQUEST	[POST] /game/delete
23:16:32.981	0:0:0:0:0:0:0:1:50238	admin	302	Location: /allgames	11.09 ms
23:16:32.985	0:0:0:0:0:0:0:1:50238	admin	REQUEST	[GET] /allgames
23:16:33.006	0:0:0:0:0:0:0:1:50238	admin	200		21.81 ms
23:20:35.270	0:0:0:0:0:0:0:1:63237	admin	REQUEST	[GET] /addgame
23:20:35.297	0:0:0:0:0:0:0:1:63237	admin	200		27.75 ms
23:20:36.900	0:0:0:0:0:0:0:1:63237	admin	REQUEST	[GET] /allgames
23:20:36.906	0:0:0:0:0:0:0:1:63237	admin	200		5.68 ms
23:20:37.510	0:0:0:0:0:0:0:1:63237	admin	REQUEST	[GET] /updategame
23:20:37.512	0:0:0:0:0:0:0:1:63237	admin	200		2.99 ms
23:20:38.619	0:0:0:0:0:0:0:1:63237	admin	REQUEST	[GET] /allgames
23:20:38.624	0:0:0:0:0:0:0:1:63237	admin	200		5.1 ms
23:20:39.801	0:0:0:0:0:0:0:1:63237	admin	REQUEST	[GET] /deletegame
23:20:39.803	0:0:0:0:0:0:0:1:63237	admin	200		2.81 ms
23:20:41.537	0:0:0:0:0:0:0:1:63237	admin	REQUEST	[GET] /allgames
23:20:41.541	0:0:0:0:0:0:0:1:63237	admin	200		4.39 ms
23:20:42.231	0:0:0:0:0:0:0:1:63237	admin	REQUEST	[GET] /choosegame
23:20:42.233	0:0:0:0:0:0:0:1:63237	admin	200		1.97 ms
